<?xml version="1.0" encoding="UTF-8"?>
<testng-results skipped="0" failed="0" ignored="0" total="1" passed="1">
  <reporter-output>
    <line>
      <![CDATA[<div "featureFile">Feature File: MyApplication.feature</div>]]>
    </line>
    <line>
      <![CDATA[<div "feature">Feature: Test Facebook smoke scenario</div>]]>
    </line>
    <line>
      <![CDATA[<div "scenarioOutline">Scenario Outline: Login with valid credentials</div>]]>
    </line>
    <line>
      <![CDATA[<div "scenario">Scenario Outline: Login with valid credentials</div>]]>
    </line>
    <line>
      <![CDATA[<div "result">Given  Open Chrome and start application (passed : 3s)</div>]]>
    </line>
    <line>
      <![CDATA[<div "result">When  I enter valid &quot;&lt;username&gt;&quot; and valid &quot;password&quot; (passed : 0s)</div>]]>
    </line>
    <line>
      <![CDATA[<div "result">Then  user should able to login sccessfully (passed : 2s)</div>]]>
    </line>
    <line>
      <![CDATA[<div "result">Then  the application should be closed (passed : 0s)</div>]]>
    </line>
    <line>
      <![CDATA[<div "scenario">Scenario Outline: Login with valid credentials</div>]]>
    </line>
    <line>
      <![CDATA[<div "result">Given  Open Chrome and start application (passed : 2s)</div>]]>
    </line>
    <line>
      <![CDATA[<div "result">When  I enter valid &quot;vvbulbule@gmail.com&quot; and valid &quot;password&quot; (passed : 0s)</div>]]>
    </line>
    <line>
      <![CDATA[<div "result">Then  user should able to login sccessfully (passed : 1s)</div>]]>
    </line>
    <line>
      <![CDATA[<div "result">Then  the application should be closed (passed : 0s)</div>]]>
    </line>
    <line>
      <![CDATA[<div "scenario">Scenario Outline: Login with valid credentials</div>]]>
    </line>
    <line>
      <![CDATA[<div "result">Given  Open Chrome and start application (passed : 3s)</div>]]>
    </line>
    <line>
      <![CDATA[<div "result">When  I enter valid &quot;vvbulbule1@gmail.com&quot; and valid &quot;password&quot; (passed : 0s)</div>]]>
    </line>
    <line>
      <![CDATA[<div "result">Then  user should able to login sccessfully (passed : 4s)</div>]]>
    </line>
    <line>
      <![CDATA[<div "result">Then  the application should be closed (passed : 0s)</div>]]>
    </line>
  </reporter-output>
  <suite name="Sample" duration-ms="20051" started-at="2019-07-31T04:31:21Z" finished-at="2019-07-31T04:31:41Z">
    <groups>
      <group name="cucumber">
        <method signature="AbstractTestNGCucumberTests.run_cukes()[pri:0, instance:runner.TestRunnerWithTestNG@3bfdc050]" name="run_cukes" class="cucumber.api.testng.AbstractTestNGCucumberTests"/>
      </group> <!-- cucumber -->
    </groups>
    <test name="Sample Test Cases" duration-ms="20051" started-at="2019-07-31T04:31:21Z" finished-at="2019-07-31T04:31:41Z">
      <class name="runner.TestRunnerWithTestNG">
        <test-method status="PASS" signature="run_cukes()[pri:0, instance:runner.TestRunnerWithTestNG@3bfdc050]" name="run_cukes" duration-ms="20034" started-at="2019-07-31T04:31:21Z" description="Runs Cucumber Features" finished-at="2019-07-31T04:31:41Z">
          <reporter-output>
            <line>
              <![CDATA[<div "featureFile">Feature File: MyApplication.feature</div>]]>
            </line>
            <line>
              <![CDATA[<div "feature">Feature: Test Facebook smoke scenario</div>]]>
            </line>
            <line>
              <![CDATA[<div "scenarioOutline">Scenario Outline: Login with valid credentials</div>]]>
            </line>
            <line>
              <![CDATA[<div "scenario">Scenario Outline: Login with valid credentials</div>]]>
            </line>
            <line>
              <![CDATA[<div "result">Given  Open Chrome and start application (passed : 3s)</div>]]>
            </line>
            <line>
              <![CDATA[<div "result">When  I enter valid &quot;&lt;username&gt;&quot; and valid &quot;password&quot; (passed : 0s)</div>]]>
            </line>
            <line>
              <![CDATA[<div "result">Then  user should able to login sccessfully (passed : 2s)</div>]]>
            </line>
            <line>
              <![CDATA[<div "result">Then  the application should be closed (passed : 0s)</div>]]>
            </line>
            <line>
              <![CDATA[<div "scenario">Scenario Outline: Login with valid credentials</div>]]>
            </line>
            <line>
              <![CDATA[<div "result">Given  Open Chrome and start application (passed : 2s)</div>]]>
            </line>
            <line>
              <![CDATA[<div "result">When  I enter valid &quot;vvbulbule@gmail.com&quot; and valid &quot;password&quot; (passed : 0s)</div>]]>
            </line>
            <line>
              <![CDATA[<div "result">Then  user should able to login sccessfully (passed : 1s)</div>]]>
            </line>
            <line>
              <![CDATA[<div "result">Then  the application should be closed (passed : 0s)</div>]]>
            </line>
            <line>
              <![CDATA[<div "scenario">Scenario Outline: Login with valid credentials</div>]]>
            </line>
            <line>
              <![CDATA[<div "result">Given  Open Chrome and start application (passed : 3s)</div>]]>
            </line>
            <line>
              <![CDATA[<div "result">When  I enter valid &quot;vvbulbule1@gmail.com&quot; and valid &quot;password&quot; (passed : 0s)</div>]]>
            </line>
            <line>
              <![CDATA[<div "result">Then  user should able to login sccessfully (passed : 4s)</div>]]>
            </line>
            <line>
              <![CDATA[<div "result">Then  the application should be closed (passed : 0s)</div>]]>
            </line>
          </reporter-output>
        </test-method> <!-- run_cukes -->
      </class> <!-- runner.TestRunnerWithTestNG -->
    </test> <!-- Sample Test Cases -->
  </suite> <!-- Sample -->
</testng-results>
